<?xml version="1.0" encoding="UTF-8"?>
<testsuite xmlns:xsi="http://www.w3.org/2001/XMLSchema-instance" xsi:noNamespaceSchemaLocation="https://maven.apache.org/surefire/maven-surefire-plugin/xsd/surefire-test-report.xsd" version="3.0.1" name="StepDefinitions.TestRunner" time="0.442" tests="1" errors="1" skipped="0" failures="0">
  <properties>
[...]
</properties>
  <testcase name="Successful login" classname="Login Functionality" time="0.139">
    <error message="The step &apos;User is able to launch URL&apos; is undefined.&#10;You can implement this step using the snippet(s) below:&#10;&#10;@Given(&quot;User is able to launch URL&quot;)&#10;public void user_is_able_to_launch_url() {&#10;    // Write code here that turns the phrase above into concrete actions&#10;    throw new io.cucumber.java.PendingException();&#10;}&#10;" type="io.cucumber.junit.UndefinedStepException"><![CDATA[io.cucumber.junit.UndefinedStepException: 
The step 'User is able to launch URL' is undefined.
You can implement this step using the snippet(s) below:

@Given("User is able to launch URL")
public void user_is_able_to_launch_url() {
    // Write code here that turns the phrase above into concrete actions
    throw new io.cucumber.java.PendingException();
}

]]></error>
    <system-out><![CDATA[
@Test
Scenario: Successful login         # src/test/java/Features/Scenario1.feature:4
  Given User is able to launch URL
]]></system-out>
  </testcase>
</testsuite>